2025-06-07 18:58:20 <@yuyi2003@ [com.sparkle.util.DataUtil:24 init] - 开始加载初始数据.....>
2025-06-07 18:58:20 <@yuyi2003@ [com.sparkle.db.BaseDataDB:92 <init>] - java.sql.SQLException: Failed to start database 'c:/sparkleplayer/db/', see the next exception for details.>
2025-06-07 18:58:20 <@yuyi2003@ [com.sparkle.db.BaseDataDB:193 init] - java.sql.SQLException: Failed to start database 'c:/sparkleplayer/db/', see the next exception for details.>
2025-06-07 18:58:20 <@yuyi2003@ [com.sparkle.db.CategoryDB:58 <init>] - java.sql.SQLException: Failed to start database 'c:/sparkleplayer/db/', see the next exception for details.>
2025-06-07 18:58:20 <@yuyi2003@ [com.sparkle.db.CategoryDB:143 getAllCategory] - java.sql.SQLException: Failed to start database 'c:/sparkleplayer/db/', see the next exception for details.>
2025-06-07 18:58:20 <@yuyi2003@ [com.sparkle.db.SongInfoDB:56 <init>] - java.sql.SQLException: Failed to start database 'c:/sparkleplayer/db/', see the next exception for details.>
2025-06-07 18:58:20 <@yuyi2003@ [com.sparkle.db.SongInfoDB:123 add] - java.sql.SQLException: Failed to start database 'c:/sparkleplayer/db/', see the next exception for details.>
2025-06-07 18:58:20 <@yuyi2003@ [com.sparkle.db.SongInfoDB:123 add] - java.sql.SQLException: Failed to start database 'c:/sparkleplayer/db/', see the next exception for details.>
2025-06-07 18:58:20 <@yuyi2003@ [com.sparkle.db.SongInfoDB:123 add] - java.sql.SQLException: Failed to start database 'c:/sparkleplayer/db/', see the next exception for details.>
2025-06-07 18:58:20 <@yuyi2003@ [com.sparkle.db.SongInfoDB:123 add] - java.sql.SQLException: Failed to start database 'c:/sparkleplayer/db/', see the next exception for details.>
2025-06-07 18:58:20 <@yuyi2003@ [com.sparkle.db.SongInfoDB:123 add] - java.sql.SQLException: Failed to start database 'c:/sparkleplayer/db/', see the next exception for details.>
2025-06-07 18:58:20 <@yuyi2003@ [com.sparkle.db.SongInfoDB:123 add] - java.sql.SQLException: Failed to start database 'c:/sparkleplayer/db/', see the next exception for details.>
2025-06-07 18:58:20 <@yuyi2003@ [com.sparkle.db.CategoryDB:91 add] - java.sql.SQLException: Failed to start database 'c:/sparkleplayer/db/', see the next exception for details.>
2025-06-07 18:58:20 <@yuyi2003@ [com.sparkle.util.DataUtil:27 init] - 初始数据加载完成.....>
2025-06-07 18:58:20 <@yuyi2003@ [com.sparkle.service.MediaPlayerService:70 init] - 播放器服务启动>
2025-06-07 18:58:21 <@yuyi2003@ [com.sparkle.enterProgram.EnterProgram:61 init] - 启动界面完成>
2025-06-07 18:58:25 <@yuyi2003@ [com.sparkle.ui.MainFrame:203 exitPlayer] - 准备退出播放器>
2025-06-07 18:58:25 <@yuyi2003@ [com.sparkle.util.DataUtil:72 saveData] - 保存数据>
2025-06-07 18:58:25 <@yuyi2003@ [com.sparkle.db.BaseDataDB:296 isExist] - java.sql.SQLException: Failed to start database 'c:/sparkleplayer/db/', see the next exception for details.>
2025-06-07 18:58:25 <@yuyi2003@ [com.sparkle.db.BaseDataDB:229 addTab] - java.sql.SQLException: Failed to start database 'c:/sparkleplayer/db/', see the next exception for details.>
2025-06-07 18:58:25 <@yuyi2003@ [com.sparkle.ui.MainFrame:205 exitPlayer] - 退出成功>
2025-06-07 19:00:47 <@yuyi2003@ [com.sparkle.util.DataUtil:24 init] - 开始加载初始数据.....>
2025-06-07 19:00:47 <@yuyi2003@ [com.sparkle.db.BaseDataDB:92 <init>] - java.sql.SQLException: Failed to start database 'c:/sparkleplayer/db/', see the next exception for details.>
2025-06-07 19:00:47 <@yuyi2003@ [com.sparkle.db.BaseDataDB:193 init] - java.sql.SQLException: Failed to start database 'c:/sparkleplayer/db/', see the next exception for details.>
2025-06-07 19:00:47 <@yuyi2003@ [com.sparkle.db.CategoryDB:58 <init>] - java.sql.SQLException: Failed to start database 'c:/sparkleplayer/db/', see the next exception for details.>
2025-06-07 19:00:47 <@yuyi2003@ [com.sparkle.db.CategoryDB:143 getAllCategory] - java.sql.SQLException: Failed to start database 'c:/sparkleplayer/db/', see the next exception for details.>
2025-06-07 19:00:48 <@yuyi2003@ [com.sparkle.db.SongInfoDB:56 <init>] - java.sql.SQLException: Failed to start database 'c:/sparkleplayer/db/', see the next exception for details.>
2025-06-07 19:00:48 <@yuyi2003@ [com.sparkle.db.SongInfoDB:123 add] - java.sql.SQLException: Failed to start database 'c:/sparkleplayer/db/', see the next exception for details.>
2025-06-07 19:00:48 <@yuyi2003@ [com.sparkle.db.SongInfoDB:123 add] - java.sql.SQLException: Failed to start database 'c:/sparkleplayer/db/', see the next exception for details.>
2025-06-07 19:00:48 <@yuyi2003@ [com.sparkle.db.SongInfoDB:123 add] - java.sql.SQLException: Failed to start database 'c:/sparkleplayer/db/', see the next exception for details.>
2025-06-07 19:00:48 <@yuyi2003@ [com.sparkle.db.SongInfoDB:123 add] - java.sql.SQLException: Failed to start database 'c:/sparkleplayer/db/', see the next exception for details.>
2025-06-07 19:00:48 <@yuyi2003@ [com.sparkle.db.SongInfoDB:123 add] - java.sql.SQLException: Failed to start database 'c:/sparkleplayer/db/', see the next exception for details.>
2025-06-07 19:00:48 <@yuyi2003@ [com.sparkle.db.SongInfoDB:123 add] - java.sql.SQLException: Failed to start database 'c:/sparkleplayer/db/', see the next exception for details.>
2025-06-07 19:00:48 <@yuyi2003@ [com.sparkle.db.CategoryDB:91 add] - java.sql.SQLException: Failed to start database 'c:/sparkleplayer/db/', see the next exception for details.>
2025-06-07 19:00:48 <@yuyi2003@ [com.sparkle.util.DataUtil:27 init] - 初始数据加载完成.....>
2025-06-07 19:00:48 <@yuyi2003@ [com.sparkle.service.MediaPlayerService:70 init] - 播放器服务启动>
2025-06-07 19:00:48 <@yuyi2003@ [com.sparkle.enterProgram.EnterProgram:61 init] - 启动界面完成>
2025-06-07 19:00:50 <@yuyi2003@ [com.sparkle.ui.MainFrame:203 exitPlayer] - 准备退出播放器>
2025-06-07 19:00:50 <@yuyi2003@ [com.sparkle.util.DataUtil:72 saveData] - 保存数据>
2025-06-07 19:00:50 <@yuyi2003@ [com.sparkle.db.BaseDataDB:296 isExist] - java.sql.SQLException: Failed to start database 'c:/sparkleplayer/db/', see the next exception for details.>
2025-06-07 19:00:50 <@yuyi2003@ [com.sparkle.db.BaseDataDB:229 addTab] - java.sql.SQLException: Failed to start database 'c:/sparkleplayer/db/', see the next exception for details.>
2025-06-07 19:00:50 <@yuyi2003@ [com.sparkle.ui.MainFrame:205 exitPlayer] - 退出成功>
2025-06-07 19:07:00 <@yuyi2003@ [com.sparkle.util.DataUtil:24 init] - 开始加载初始数据.....>
2025-06-07 19:07:00 <@yuyi2003@ [com.sparkle.db.BaseDataDB:92 <init>] - java.sql.SQLException: Failed to start database 'c:/sparkleplayer/db/', see the next exception for details.>
2025-06-07 19:07:00 <@yuyi2003@ [com.sparkle.db.BaseDataDB:193 init] - java.sql.SQLException: Failed to start database 'c:/sparkleplayer/db/', see the next exception for details.>
2025-06-07 19:07:00 <@yuyi2003@ [com.sparkle.db.CategoryDB:58 <init>] - java.sql.SQLException: Failed to start database 'c:/sparkleplayer/db/', see the next exception for details.>
2025-06-07 19:07:00 <@yuyi2003@ [com.sparkle.db.CategoryDB:143 getAllCategory] - java.sql.SQLException: Failed to start database 'c:/sparkleplayer/db/', see the next exception for details.>
2025-06-07 19:07:00 <@yuyi2003@ [com.sparkle.db.SongInfoDB:56 <init>] - java.sql.SQLException: Failed to start database 'c:/sparkleplayer/db/', see the next exception for details.>
2025-06-07 19:07:00 <@yuyi2003@ [com.sparkle.db.SongInfoDB:123 add] - java.sql.SQLException: Failed to start database 'c:/sparkleplayer/db/', see the next exception for details.>
2025-06-07 19:07:00 <@yuyi2003@ [com.sparkle.db.SongInfoDB:123 add] - java.sql.SQLException: Failed to start database 'c:/sparkleplayer/db/', see the next exception for details.>
2025-06-07 19:07:00 <@yuyi2003@ [com.sparkle.db.SongInfoDB:123 add] - java.sql.SQLException: Failed to start database 'c:/sparkleplayer/db/', see the next exception for details.>
2025-06-07 19:07:00 <@yuyi2003@ [com.sparkle.db.SongInfoDB:123 add] - java.sql.SQLException: Failed to start database 'c:/sparkleplayer/db/', see the next exception for details.>
2025-06-07 19:07:00 <@yuyi2003@ [com.sparkle.db.SongInfoDB:123 add] - java.sql.SQLException: Failed to start database 'c:/sparkleplayer/db/', see the next exception for details.>
2025-06-07 19:07:00 <@yuyi2003@ [com.sparkle.db.SongInfoDB:123 add] - java.sql.SQLException: Failed to start database 'c:/sparkleplayer/db/', see the next exception for details.>
2025-06-07 19:07:00 <@yuyi2003@ [com.sparkle.db.CategoryDB:91 add] - java.sql.SQLException: Failed to start database 'c:/sparkleplayer/db/', see the next exception for details.>
2025-06-07 19:07:00 <@yuyi2003@ [com.sparkle.util.DataUtil:27 init] - 初始数据加载完成.....>
2025-06-07 19:07:00 <@yuyi2003@ [com.sparkle.service.MediaPlayerService:70 init] - 播放器服务启动>
2025-06-07 19:07:00 <@yuyi2003@ [com.sparkle.enterProgram.EnterProgram:61 init] - 启动界面完成>
2025-06-07 19:07:02 <@yuyi2003@ [com.sparkle.ui.MainFrame:203 exitPlayer] - 准备退出播放器>
2025-06-07 19:07:02 <@yuyi2003@ [com.sparkle.util.DataUtil:72 saveData] - 保存数据>
2025-06-07 19:07:02 <@yuyi2003@ [com.sparkle.db.BaseDataDB:296 isExist] - java.sql.SQLException: Failed to start database 'c:/sparkleplayer/db/', see the next exception for details.>
2025-06-07 19:07:02 <@yuyi2003@ [com.sparkle.db.BaseDataDB:229 addTab] - java.sql.SQLException: Failed to start database 'c:/sparkleplayer/db/', see the next exception for details.>
2025-06-07 19:07:02 <@yuyi2003@ [com.sparkle.ui.MainFrame:205 exitPlayer] - 退出成功>
2025-06-07 19:55:58 <@yuyi2003@ [com.sparkle.util.DataUtil:24 init] - 开始加载初始数据.....>
2025-06-07 19:55:58 <@yuyi2003@ [com.sparkle.db.BaseDataDB:92 <init>] - java.sql.SQLException: Failed to start database 'c:/sparkleplayer/db/', see the next exception for details.>
2025-06-07 19:55:58 <@yuyi2003@ [com.sparkle.db.BaseDataDB:193 init] - java.sql.SQLException: Failed to start database 'c:/sparkleplayer/db/', see the next exception for details.>
2025-06-07 19:55:58 <@yuyi2003@ [com.sparkle.db.CategoryDB:58 <init>] - java.sql.SQLException: Failed to start database 'c:/sparkleplayer/db/', see the next exception for details.>
2025-06-07 19:55:58 <@yuyi2003@ [com.sparkle.db.CategoryDB:143 getAllCategory] - java.sql.SQLException: Failed to start database 'c:/sparkleplayer/db/', see the next exception for details.>
2025-06-07 19:55:58 <@yuyi2003@ [com.sparkle.db.SongInfoDB:56 <init>] - java.sql.SQLException: Failed to start database 'c:/sparkleplayer/db/', see the next exception for details.>
2025-06-07 19:55:58 <@yuyi2003@ [com.sparkle.db.SongInfoDB:123 add] - java.sql.SQLException: Failed to start database 'c:/sparkleplayer/db/', see the next exception for details.>
2025-06-07 19:55:58 <@yuyi2003@ [com.sparkle.db.SongInfoDB:123 add] - java.sql.SQLException: Failed to start database 'c:/sparkleplayer/db/', see the next exception for details.>
2025-06-07 19:55:58 <@yuyi2003@ [com.sparkle.db.SongInfoDB:123 add] - java.sql.SQLException: Failed to start database 'c:/sparkleplayer/db/', see the next exception for details.>
2025-06-07 19:55:58 <@yuyi2003@ [com.sparkle.db.SongInfoDB:123 add] - java.sql.SQLException: Failed to start database 'c:/sparkleplayer/db/', see the next exception for details.>
2025-06-07 19:55:58 <@yuyi2003@ [com.sparkle.db.SongInfoDB:123 add] - java.sql.SQLException: Failed to start database 'c:/sparkleplayer/db/', see the next exception for details.>
2025-06-07 19:55:58 <@yuyi2003@ [com.sparkle.db.SongInfoDB:123 add] - java.sql.SQLException: Failed to start database 'c:/sparkleplayer/db/', see the next exception for details.>
2025-06-07 19:55:58 <@yuyi2003@ [com.sparkle.db.CategoryDB:91 add] - java.sql.SQLException: Failed to start database 'c:/sparkleplayer/db/', see the next exception for details.>
2025-06-07 19:55:58 <@yuyi2003@ [com.sparkle.util.DataUtil:27 init] - 初始数据加载完成.....>
2025-06-07 19:55:58 <@yuyi2003@ [com.sparkle.service.MediaPlayerService:70 init] - 播放器服务启动>
2025-06-07 19:55:58 <@yuyi2003@ [com.sparkle.enterProgram.EnterProgram:61 init] - 启动界面完成>
2025-06-07 19:58:14 <@yuyi2003@ [com.sparkle.util.DataUtil:24 init] - 开始加载初始数据.....>
2025-06-07 19:58:15 <@yuyi2003@ [com.sparkle.db.BaseDataDB:92 <init>] - java.sql.SQLException: Failed to start database 'c:/sparkleplayer/db/', see the next exception for details.>
2025-06-07 19:58:15 <@yuyi2003@ [com.sparkle.db.BaseDataDB:193 init] - java.sql.SQLException: Failed to start database 'c:/sparkleplayer/db/', see the next exception for details.>
2025-06-07 19:58:15 <@yuyi2003@ [com.sparkle.db.CategoryDB:58 <init>] - java.sql.SQLException: Failed to start database 'c:/sparkleplayer/db/', see the next exception for details.>
2025-06-07 19:58:15 <@yuyi2003@ [com.sparkle.db.CategoryDB:143 getAllCategory] - java.sql.SQLException: Failed to start database 'c:/sparkleplayer/db/', see the next exception for details.>
2025-06-07 19:58:15 <@yuyi2003@ [com.sparkle.db.SongInfoDB:56 <init>] - java.sql.SQLException: Failed to start database 'c:/sparkleplayer/db/', see the next exception for details.>
2025-06-07 19:58:15 <@yuyi2003@ [com.sparkle.db.SongInfoDB:123 add] - java.sql.SQLException: Failed to start database 'c:/sparkleplayer/db/', see the next exception for details.>
2025-06-07 19:58:15 <@yuyi2003@ [com.sparkle.db.SongInfoDB:123 add] - java.sql.SQLException: Failed to start database 'c:/sparkleplayer/db/', see the next exception for details.>
2025-06-07 19:58:15 <@yuyi2003@ [com.sparkle.db.SongInfoDB:123 add] - java.sql.SQLException: Failed to start database 'c:/sparkleplayer/db/', see the next exception for details.>
2025-06-07 19:58:15 <@yuyi2003@ [com.sparkle.db.SongInfoDB:123 add] - java.sql.SQLException: Failed to start database 'c:/sparkleplayer/db/', see the next exception for details.>
2025-06-07 19:58:15 <@yuyi2003@ [com.sparkle.db.SongInfoDB:123 add] - java.sql.SQLException: Failed to start database 'c:/sparkleplayer/db/', see the next exception for details.>
2025-06-07 19:58:15 <@yuyi2003@ [com.sparkle.db.SongInfoDB:123 add] - java.sql.SQLException: Failed to start database 'c:/sparkleplayer/db/', see the next exception for details.>
2025-06-07 19:58:15 <@yuyi2003@ [com.sparkle.db.CategoryDB:91 add] - java.sql.SQLException: Failed to start database 'c:/sparkleplayer/db/', see the next exception for details.>
2025-06-07 19:58:15 <@yuyi2003@ [com.sparkle.util.DataUtil:27 init] - 初始数据加载完成.....>
2025-06-07 19:58:15 <@yuyi2003@ [com.sparkle.service.MediaPlayerService:70 init] - 播放器服务启动>
2025-06-07 19:58:15 <@yuyi2003@ [com.sparkle.enterProgram.EnterProgram:61 init] - 启动界面完成>
2025-06-07 19:58:17 <@yuyi2003@ [com.sparkle.ui.MainFrame:203 exitPlayer] - 准备退出播放器>
2025-06-07 19:58:17 <@yuyi2003@ [com.sparkle.util.DataUtil:72 saveData] - 保存数据>
2025-06-07 19:58:17 <@yuyi2003@ [com.sparkle.db.BaseDataDB:296 isExist] - java.sql.SQLException: Failed to start database 'c:/sparkleplayer/db/', see the next exception for details.>
2025-06-07 19:58:17 <@yuyi2003@ [com.sparkle.db.BaseDataDB:229 addTab] - java.sql.SQLException: Failed to start database 'c:/sparkleplayer/db/', see the next exception for details.>
2025-06-07 19:58:17 <@yuyi2003@ [com.sparkle.ui.MainFrame:205 exitPlayer] - 退出成功>
2025-06-07 19:59:39 <@yuyi2003@ [com.sparkle.util.DataUtil:24 init] - 开始加载初始数据.....>
2025-06-07 19:59:39 <@yuyi2003@ [com.sparkle.db.BaseDataDB:92 <init>] - java.sql.SQLException: Failed to start database 'c:/sparkleplayer/db/', see the next exception for details.>
2025-06-07 19:59:39 <@yuyi2003@ [com.sparkle.db.BaseDataDB:193 init] - java.sql.SQLException: Failed to start database 'c:/sparkleplayer/db/', see the next exception for details.>
2025-06-07 19:59:39 <@yuyi2003@ [com.sparkle.db.CategoryDB:58 <init>] - java.sql.SQLException: Failed to start database 'c:/sparkleplayer/db/', see the next exception for details.>
2025-06-07 19:59:39 <@yuyi2003@ [com.sparkle.db.CategoryDB:143 getAllCategory] - java.sql.SQLException: Failed to start database 'c:/sparkleplayer/db/', see the next exception for details.>
2025-06-07 19:59:39 <@yuyi2003@ [com.sparkle.db.SongInfoDB:56 <init>] - java.sql.SQLException: Failed to start database 'c:/sparkleplayer/db/', see the next exception for details.>
2025-06-07 19:59:39 <@yuyi2003@ [com.sparkle.db.SongInfoDB:123 add] - java.sql.SQLException: Failed to start database 'c:/sparkleplayer/db/', see the next exception for details.>
2025-06-07 19:59:39 <@yuyi2003@ [com.sparkle.db.SongInfoDB:123 add] - java.sql.SQLException: Failed to start database 'c:/sparkleplayer/db/', see the next exception for details.>
2025-06-07 19:59:39 <@yuyi2003@ [com.sparkle.db.SongInfoDB:123 add] - java.sql.SQLException: Failed to start database 'c:/sparkleplayer/db/', see the next exception for details.>
2025-06-07 19:59:39 <@yuyi2003@ [com.sparkle.db.SongInfoDB:123 add] - java.sql.SQLException: Failed to start database 'c:/sparkleplayer/db/', see the next exception for details.>
2025-06-07 19:59:39 <@yuyi2003@ [com.sparkle.db.SongInfoDB:123 add] - java.sql.SQLException: Failed to start database 'c:/sparkleplayer/db/', see the next exception for details.>
2025-06-07 19:59:39 <@yuyi2003@ [com.sparkle.db.SongInfoDB:123 add] - java.sql.SQLException: Failed to start database 'c:/sparkleplayer/db/', see the next exception for details.>
2025-06-07 19:59:39 <@yuyi2003@ [com.sparkle.db.CategoryDB:91 add] - java.sql.SQLException: Failed to start database 'c:/sparkleplayer/db/', see the next exception for details.>
2025-06-07 19:59:39 <@yuyi2003@ [com.sparkle.util.DataUtil:27 init] - 初始数据加载完成.....>
2025-06-07 19:59:39 <@yuyi2003@ [com.sparkle.service.MediaPlayerService:70 init] - 播放器服务启动>
2025-06-07 19:59:40 <@yuyi2003@ [com.sparkle.enterProgram.EnterProgram:61 init] - 启动界面完成>
2025-06-07 20:15:02 <@yuyi2003@ [com.sparkle.util.DataUtil:24 init] - 开始加载初始数据.....>
2025-06-07 20:15:03 <@yuyi2003@ [com.sparkle.db.BaseDataDB:92 <init>] - java.sql.SQLException: Failed to start database 'c:/sparkleplayer/db/', see the next exception for details.>
2025-06-07 20:15:03 <@yuyi2003@ [com.sparkle.db.BaseDataDB:193 init] - java.sql.SQLException: Failed to start database 'c:/sparkleplayer/db/', see the next exception for details.>
2025-06-07 20:15:03 <@yuyi2003@ [com.sparkle.db.CategoryDB:58 <init>] - java.sql.SQLException: Failed to start database 'c:/sparkleplayer/db/', see the next exception for details.>
2025-06-07 20:15:03 <@yuyi2003@ [com.sparkle.db.CategoryDB:143 getAllCategory] - java.sql.SQLException: Failed to start database 'c:/sparkleplayer/db/', see the next exception for details.>
2025-06-07 20:15:03 <@yuyi2003@ [com.sparkle.db.SongInfoDB:56 <init>] - java.sql.SQLException: Failed to start database 'c:/sparkleplayer/db/', see the next exception for details.>
2025-06-07 20:15:03 <@yuyi2003@ [com.sparkle.db.SongInfoDB:123 add] - java.sql.SQLException: Failed to start database 'c:/sparkleplayer/db/', see the next exception for details.>
2025-06-07 20:15:03 <@yuyi2003@ [com.sparkle.db.SongInfoDB:123 add] - java.sql.SQLException: Failed to start database 'c:/sparkleplayer/db/', see the next exception for details.>
2025-06-07 20:15:03 <@yuyi2003@ [com.sparkle.db.SongInfoDB:123 add] - java.sql.SQLException: Failed to start database 'c:/sparkleplayer/db/', see the next exception for details.>
2025-06-07 20:15:03 <@yuyi2003@ [com.sparkle.db.SongInfoDB:123 add] - java.sql.SQLException: Failed to start database 'c:/sparkleplayer/db/', see the next exception for details.>
2025-06-07 20:15:03 <@yuyi2003@ [com.sparkle.db.SongInfoDB:123 add] - java.sql.SQLException: Failed to start database 'c:/sparkleplayer/db/', see the next exception for details.>
2025-06-07 20:15:03 <@yuyi2003@ [com.sparkle.db.SongInfoDB:123 add] - java.sql.SQLException: Failed to start database 'c:/sparkleplayer/db/', see the next exception for details.>
2025-06-07 20:15:03 <@yuyi2003@ [com.sparkle.db.CategoryDB:91 add] - java.sql.SQLException: Failed to start database 'c:/sparkleplayer/db/', see the next exception for details.>
2025-06-07 20:15:03 <@yuyi2003@ [com.sparkle.util.DataUtil:27 init] - 初始数据加载完成.....>
2025-06-07 20:15:03 <@yuyi2003@ [com.sparkle.service.MediaPlayerService:70 init] - 播放器服务启动>
2025-06-07 20:15:03 <@yuyi2003@ [com.sparkle.enterProgram.EnterProgram:61 init] - 启动界面完成>
2025-06-07 20:15:05 <@yuyi2003@ [com.sparkle.ui.MainFrame:203 exitPlayer] - 准备退出播放器>
2025-06-07 20:15:05 <@yuyi2003@ [com.sparkle.util.DataUtil:72 saveData] - 保存数据>
2025-06-07 20:15:05 <@yuyi2003@ [com.sparkle.db.BaseDataDB:296 isExist] - java.sql.SQLException: Failed to start database 'c:/sparkleplayer/db/', see the next exception for details.>
2025-06-07 20:15:05 <@yuyi2003@ [com.sparkle.db.BaseDataDB:229 addTab] - java.sql.SQLException: Failed to start database 'c:/sparkleplayer/db/', see the next exception for details.>
2025-06-07 20:15:05 <@yuyi2003@ [com.sparkle.ui.MainFrame:205 exitPlayer] - 退出成功>
2025-06-07 20:24:02 <@yuyi2003@ [com.sparkle.util.DataUtil:24 init] - 开始加载初始数据.....>
2025-06-07 20:24:03 <@yuyi2003@ [com.sparkle.db.BaseDataDB:92 <init>] - java.sql.SQLException: Failed to start database 'c:/sparkleplayer/db/', see the next exception for details.>
2025-06-07 20:24:03 <@yuyi2003@ [com.sparkle.db.BaseDataDB:193 init] - java.sql.SQLException: Failed to start database 'c:/sparkleplayer/db/', see the next exception for details.>
2025-06-07 20:24:03 <@yuyi2003@ [com.sparkle.db.CategoryDB:58 <init>] - java.sql.SQLException: Failed to start database 'c:/sparkleplayer/db/', see the next exception for details.>
2025-06-07 20:24:03 <@yuyi2003@ [com.sparkle.db.CategoryDB:143 getAllCategory] - java.sql.SQLException: Failed to start database 'c:/sparkleplayer/db/', see the next exception for details.>
2025-06-07 20:24:03 <@yuyi2003@ [com.sparkle.db.SongInfoDB:56 <init>] - java.sql.SQLException: Failed to start database 'c:/sparkleplayer/db/', see the next exception for details.>
2025-06-07 20:24:03 <@yuyi2003@ [com.sparkle.db.SongInfoDB:123 add] - java.sql.SQLException: Failed to start database 'c:/sparkleplayer/db/', see the next exception for details.>
2025-06-07 20:24:03 <@yuyi2003@ [com.sparkle.db.SongInfoDB:123 add] - java.sql.SQLException: Failed to start database 'c:/sparkleplayer/db/', see the next exception for details.>
2025-06-07 20:24:03 <@yuyi2003@ [com.sparkle.db.SongInfoDB:123 add] - java.sql.SQLException: Failed to start database 'c:/sparkleplayer/db/', see the next exception for details.>
2025-06-07 20:24:03 <@yuyi2003@ [com.sparkle.db.SongInfoDB:123 add] - java.sql.SQLException: Failed to start database 'c:/sparkleplayer/db/', see the next exception for details.>
2025-06-07 20:24:03 <@yuyi2003@ [com.sparkle.db.SongInfoDB:123 add] - java.sql.SQLException: Failed to start database 'c:/sparkleplayer/db/', see the next exception for details.>
2025-06-07 20:24:03 <@yuyi2003@ [com.sparkle.db.SongInfoDB:123 add] - java.sql.SQLException: Failed to start database 'c:/sparkleplayer/db/', see the next exception for details.>
2025-06-07 20:24:03 <@yuyi2003@ [com.sparkle.db.CategoryDB:91 add] - java.sql.SQLException: Failed to start database 'c:/sparkleplayer/db/', see the next exception for details.>
2025-06-07 20:24:03 <@yuyi2003@ [com.sparkle.util.DataUtil:27 init] - 初始数据加载完成.....>
2025-06-07 20:24:03 <@yuyi2003@ [com.sparkle.service.MediaPlayerService:70 init] - 播放器服务启动>
2025-06-07 20:24:03 <@yuyi2003@ [com.sparkle.enterProgram.EnterProgram:61 init] - 启动界面完成>
2025-06-07 20:37:54 <@yuyi2003@ [com.sparkle.util.DataUtil:24 init] - 开始加载初始数据.....>
2025-06-07 20:37:54 <@yuyi2003@ [com.sparkle.db.BaseDataDB:92 <init>] - java.sql.SQLException: Failed to start database 'c:/sparkleplayer/db/', see the next exception for details.>
2025-06-07 20:37:54 <@yuyi2003@ [com.sparkle.db.BaseDataDB:193 init] - java.sql.SQLException: Failed to start database 'c:/sparkleplayer/db/', see the next exception for details.>
2025-06-07 20:37:54 <@yuyi2003@ [com.sparkle.db.CategoryDB:58 <init>] - java.sql.SQLException: Failed to start database 'c:/sparkleplayer/db/', see the next exception for details.>
2025-06-07 20:37:54 <@yuyi2003@ [com.sparkle.db.CategoryDB:143 getAllCategory] - java.sql.SQLException: Failed to start database 'c:/sparkleplayer/db/', see the next exception for details.>
2025-06-07 20:37:54 <@yuyi2003@ [com.sparkle.db.SongInfoDB:56 <init>] - java.sql.SQLException: Failed to start database 'c:/sparkleplayer/db/', see the next exception for details.>
2025-06-07 20:37:54 <@yuyi2003@ [com.sparkle.db.SongInfoDB:123 add] - java.sql.SQLException: Failed to start database 'c:/sparkleplayer/db/', see the next exception for details.>
2025-06-07 20:37:54 <@yuyi2003@ [com.sparkle.db.SongInfoDB:123 add] - java.sql.SQLException: Failed to start database 'c:/sparkleplayer/db/', see the next exception for details.>
2025-06-07 20:37:54 <@yuyi2003@ [com.sparkle.db.SongInfoDB:123 add] - java.sql.SQLException: Failed to start database 'c:/sparkleplayer/db/', see the next exception for details.>
2025-06-07 20:37:54 <@yuyi2003@ [com.sparkle.db.SongInfoDB:123 add] - java.sql.SQLException: Failed to start database 'c:/sparkleplayer/db/', see the next exception for details.>
2025-06-07 20:37:54 <@yuyi2003@ [com.sparkle.db.SongInfoDB:123 add] - java.sql.SQLException: Failed to start database 'c:/sparkleplayer/db/', see the next exception for details.>
2025-06-07 20:37:54 <@yuyi2003@ [com.sparkle.db.SongInfoDB:123 add] - java.sql.SQLException: Failed to start database 'c:/sparkleplayer/db/', see the next exception for details.>
2025-06-07 20:37:54 <@yuyi2003@ [com.sparkle.db.CategoryDB:91 add] - java.sql.SQLException: Failed to start database 'c:/sparkleplayer/db/', see the next exception for details.>
2025-06-07 20:37:54 <@yuyi2003@ [com.sparkle.util.DataUtil:27 init] - 初始数据加载完成.....>
2025-06-07 20:37:54 <@yuyi2003@ [com.sparkle.service.MediaPlayerService:69 init] - 播放器服务启动>
2025-06-07 20:37:55 <@yuyi2003@ [com.sparkle.enterProgram.EnterProgram:61 init] - 启动界面完成>
2025-06-07 20:38:00 <@yuyi2003@ [com.sparkle.ui.MainFrame:203 exitPlayer] - 准备退出播放器>
2025-06-07 20:38:00 <@yuyi2003@ [com.sparkle.util.DataUtil:72 saveData] - 保存数据>
2025-06-07 20:38:00 <@yuyi2003@ [com.sparkle.db.BaseDataDB:296 isExist] - java.sql.SQLException: Failed to start database 'c:/sparkleplayer/db/', see the next exception for details.>
2025-06-07 20:38:00 <@yuyi2003@ [com.sparkle.db.BaseDataDB:229 addTab] - java.sql.SQLException: Failed to start database 'c:/sparkleplayer/db/', see the next exception for details.>
2025-06-07 20:38:00 <@yuyi2003@ [com.sparkle.ui.MainFrame:205 exitPlayer] - 退出成功>
2025-06-07 20:38:49 <@yuyi2003@ [com.sparkle.ui.MainFrame:202 exitPlayer] - 准备退出播放器>
2025-06-07 20:38:49 <@yuyi2003@ [com.sparkle.util.DataUtil:72 saveData] - 保存数据>
2025-06-07 20:38:49 <@yuyi2003@ [com.sparkle.db.BaseDataDB:296 isExist] - java.sql.SQLException: Failed to start database 'c:/sparkleplayer/db/', see the next exception for details.>
2025-06-07 20:38:49 <@yuyi2003@ [com.sparkle.db.BaseDataDB:229 addTab] - java.sql.SQLException: Failed to start database 'c:/sparkleplayer/db/', see the next exception for details.>
2025-06-07 20:38:49 <@yuyi2003@ [com.sparkle.ui.MainFrame:204 exitPlayer] - 退出成功>
2025-06-07 20:39:29 <@yuyi2003@ [com.sparkle.util.DataUtil:24 init] - 开始加载初始数据.....>
2025-06-07 20:39:29 <@yuyi2003@ [com.sparkle.db.BaseDataDB:92 <init>] - java.sql.SQLException: Failed to start database 'c:/sparkleplayer/db/', see the next exception for details.>
2025-06-07 20:39:29 <@yuyi2003@ [com.sparkle.db.BaseDataDB:193 init] - java.sql.SQLException: Failed to start database 'c:/sparkleplayer/db/', see the next exception for details.>
2025-06-07 20:39:29 <@yuyi2003@ [com.sparkle.db.CategoryDB:58 <init>] - java.sql.SQLException: Failed to start database 'c:/sparkleplayer/db/', see the next exception for details.>
2025-06-07 20:39:29 <@yuyi2003@ [com.sparkle.db.CategoryDB:143 getAllCategory] - java.sql.SQLException: Failed to start database 'c:/sparkleplayer/db/', see the next exception for details.>
2025-06-07 20:39:29 <@yuyi2003@ [com.sparkle.db.SongInfoDB:56 <init>] - java.sql.SQLException: Failed to start database 'c:/sparkleplayer/db/', see the next exception for details.>
2025-06-07 20:39:29 <@yuyi2003@ [com.sparkle.db.SongInfoDB:123 add] - java.sql.SQLException: Failed to start database 'c:/sparkleplayer/db/', see the next exception for details.>
2025-06-07 20:39:29 <@yuyi2003@ [com.sparkle.db.SongInfoDB:123 add] - java.sql.SQLException: Failed to start database 'c:/sparkleplayer/db/', see the next exception for details.>
2025-06-07 20:39:29 <@yuyi2003@ [com.sparkle.db.SongInfoDB:123 add] - java.sql.SQLException: Failed to start database 'c:/sparkleplayer/db/', see the next exception for details.>
2025-06-07 20:39:29 <@yuyi2003@ [com.sparkle.db.SongInfoDB:123 add] - java.sql.SQLException: Failed to start database 'c:/sparkleplayer/db/', see the next exception for details.>
2025-06-07 20:39:29 <@yuyi2003@ [com.sparkle.db.SongInfoDB:123 add] - java.sql.SQLException: Failed to start database 'c:/sparkleplayer/db/', see the next exception for details.>
2025-06-07 20:39:29 <@yuyi2003@ [com.sparkle.db.SongInfoDB:123 add] - java.sql.SQLException: Failed to start database 'c:/sparkleplayer/db/', see the next exception for details.>
2025-06-07 20:39:29 <@yuyi2003@ [com.sparkle.db.CategoryDB:91 add] - java.sql.SQLException: Failed to start database 'c:/sparkleplayer/db/', see the next exception for details.>
2025-06-07 20:39:29 <@yuyi2003@ [com.sparkle.util.DataUtil:27 init] - 初始数据加载完成.....>
2025-06-07 20:39:29 <@yuyi2003@ [com.sparkle.service.MediaPlayerService:69 init] - 播放器服务启动>
2025-06-07 20:39:30 <@yuyi2003@ [com.sparkle.enterProgram.EnterProgram:61 init] - 启动界面完成>
2025-06-07 20:43:59 <@yuyi2003@ [com.sparkle.util.DataUtil:24 init] - 开始加载初始数据.....>
2025-06-07 20:43:59 <@yuyi2003@ [com.sparkle.db.BaseDataDB:92 <init>] - java.sql.SQLException: Failed to start database 'c:/sparkleplayer/db/', see the next exception for details.>
2025-06-07 20:43:59 <@yuyi2003@ [com.sparkle.db.BaseDataDB:193 init] - java.sql.SQLException: Failed to start database 'c:/sparkleplayer/db/', see the next exception for details.>
2025-06-07 20:43:59 <@yuyi2003@ [com.sparkle.db.CategoryDB:58 <init>] - java.sql.SQLException: Failed to start database 'c:/sparkleplayer/db/', see the next exception for details.>
2025-06-07 20:43:59 <@yuyi2003@ [com.sparkle.db.CategoryDB:143 getAllCategory] - java.sql.SQLException: Failed to start database 'c:/sparkleplayer/db/', see the next exception for details.>
2025-06-07 20:44:00 <@yuyi2003@ [com.sparkle.db.SongInfoDB:56 <init>] - java.sql.SQLException: Failed to start database 'c:/sparkleplayer/db/', see the next exception for details.>
2025-06-07 20:44:00 <@yuyi2003@ [com.sparkle.db.SongInfoDB:123 add] - java.sql.SQLException: Failed to start database 'c:/sparkleplayer/db/', see the next exception for details.>
2025-06-07 20:44:00 <@yuyi2003@ [com.sparkle.db.SongInfoDB:123 add] - java.sql.SQLException: Failed to start database 'c:/sparkleplayer/db/', see the next exception for details.>
2025-06-07 20:44:00 <@yuyi2003@ [com.sparkle.db.SongInfoDB:123 add] - java.sql.SQLException: Failed to start database 'c:/sparkleplayer/db/', see the next exception for details.>
2025-06-07 20:44:00 <@yuyi2003@ [com.sparkle.db.SongInfoDB:123 add] - java.sql.SQLException: Failed to start database 'c:/sparkleplayer/db/', see the next exception for details.>
2025-06-07 20:44:00 <@yuyi2003@ [com.sparkle.db.SongInfoDB:123 add] - java.sql.SQLException: Failed to start database 'c:/sparkleplayer/db/', see the next exception for details.>
2025-06-07 20:44:00 <@yuyi2003@ [com.sparkle.db.SongInfoDB:123 add] - java.sql.SQLException: Failed to start database 'c:/sparkleplayer/db/', see the next exception for details.>
2025-06-07 20:44:00 <@yuyi2003@ [com.sparkle.db.CategoryDB:91 add] - java.sql.SQLException: Failed to start database 'c:/sparkleplayer/db/', see the next exception for details.>
2025-06-07 20:44:00 <@yuyi2003@ [com.sparkle.util.DataUtil:27 init] - 初始数据加载完成.....>
2025-06-07 20:44:00 <@yuyi2003@ [com.sparkle.service.MediaPlayerService:69 init] - 播放器服务启动>
2025-06-07 20:44:00 <@yuyi2003@ [com.sparkle.enterProgram.EnterProgram:61 init] - 启动界面完成>
2025-06-07 21:20:37 <@yuyi2003@ [com.sparkle.util.DataUtil:24 init] - 开始加载初始数据.....>
2025-06-07 21:20:37 <@yuyi2003@ [com.sparkle.db.BaseDataDB:92 <init>] - java.sql.SQLException: Failed to start database 'c:/sparkleplayer/db/', see the next exception for details.>
2025-06-07 21:20:37 <@yuyi2003@ [com.sparkle.db.BaseDataDB:193 init] - java.sql.SQLException: Failed to start database 'c:/sparkleplayer/db/', see the next exception for details.>
2025-06-07 21:20:37 <@yuyi2003@ [com.sparkle.db.CategoryDB:58 <init>] - java.sql.SQLException: Failed to start database 'c:/sparkleplayer/db/', see the next exception for details.>
2025-06-07 21:20:37 <@yuyi2003@ [com.sparkle.db.CategoryDB:143 getAllCategory] - java.sql.SQLException: Failed to start database 'c:/sparkleplayer/db/', see the next exception for details.>
2025-06-07 21:20:37 <@yuyi2003@ [com.sparkle.db.SongInfoDB:56 <init>] - java.sql.SQLException: Failed to start database 'c:/sparkleplayer/db/', see the next exception for details.>
2025-06-07 21:20:37 <@yuyi2003@ [com.sparkle.db.SongInfoDB:123 add] - java.sql.SQLException: Failed to start database 'c:/sparkleplayer/db/', see the next exception for details.>
2025-06-07 21:20:37 <@yuyi2003@ [com.sparkle.db.SongInfoDB:123 add] - java.sql.SQLException: Failed to start database 'c:/sparkleplayer/db/', see the next exception for details.>
2025-06-07 21:20:37 <@yuyi2003@ [com.sparkle.db.SongInfoDB:123 add] - java.sql.SQLException: Failed to start database 'c:/sparkleplayer/db/', see the next exception for details.>
2025-06-07 21:20:37 <@yuyi2003@ [com.sparkle.db.SongInfoDB:123 add] - java.sql.SQLException: Failed to start database 'c:/sparkleplayer/db/', see the next exception for details.>
2025-06-07 21:20:37 <@yuyi2003@ [com.sparkle.db.SongInfoDB:123 add] - java.sql.SQLException: Failed to start database 'c:/sparkleplayer/db/', see the next exception for details.>
2025-06-07 21:20:37 <@yuyi2003@ [com.sparkle.db.SongInfoDB:123 add] - java.sql.SQLException: Failed to start database 'c:/sparkleplayer/db/', see the next exception for details.>
2025-06-07 21:20:37 <@yuyi2003@ [com.sparkle.db.CategoryDB:91 add] - java.sql.SQLException: Failed to start database 'c:/sparkleplayer/db/', see the next exception for details.>
2025-06-07 21:20:37 <@yuyi2003@ [com.sparkle.util.DataUtil:27 init] - 初始数据加载完成.....>
2025-06-07 21:20:37 <@yuyi2003@ [com.sparkle.service.MediaPlayerService:69 init] - 播放器服务启动>
2025-06-07 21:20:38 <@yuyi2003@ [com.sparkle.enterProgram.EnterProgram:61 init] - 启动界面完成>
2025-06-07 21:25:19 <@yuyi2003@ [com.sparkle.util.DataUtil:24 init] - 开始加载初始数据.....>
2025-06-07 21:25:19 <@yuyi2003@ [com.sparkle.db.BaseDataDB:92 <init>] - java.sql.SQLException: Failed to start database 'c:/sparkleplayer/db/', see the next exception for details.>
2025-06-07 21:25:19 <@yuyi2003@ [com.sparkle.db.BaseDataDB:193 init] - java.sql.SQLException: Failed to start database 'c:/sparkleplayer/db/', see the next exception for details.>
2025-06-07 21:25:19 <@yuyi2003@ [com.sparkle.db.CategoryDB:58 <init>] - java.sql.SQLException: Failed to start database 'c:/sparkleplayer/db/', see the next exception for details.>
2025-06-07 21:25:19 <@yuyi2003@ [com.sparkle.db.CategoryDB:143 getAllCategory] - java.sql.SQLException: Failed to start database 'c:/sparkleplayer/db/', see the next exception for details.>
2025-06-07 21:25:19 <@yuyi2003@ [com.sparkle.db.SongInfoDB:56 <init>] - java.sql.SQLException: Failed to start database 'c:/sparkleplayer/db/', see the next exception for details.>
2025-06-07 21:25:19 <@yuyi2003@ [com.sparkle.db.SongInfoDB:123 add] - java.sql.SQLException: Failed to start database 'c:/sparkleplayer/db/', see the next exception for details.>
2025-06-07 21:25:19 <@yuyi2003@ [com.sparkle.db.SongInfoDB:123 add] - java.sql.SQLException: Failed to start database 'c:/sparkleplayer/db/', see the next exception for details.>
2025-06-07 21:25:19 <@yuyi2003@ [com.sparkle.db.SongInfoDB:123 add] - java.sql.SQLException: Failed to start database 'c:/sparkleplayer/db/', see the next exception for details.>
2025-06-07 21:25:19 <@yuyi2003@ [com.sparkle.db.SongInfoDB:123 add] - java.sql.SQLException: Failed to start database 'c:/sparkleplayer/db/', see the next exception for details.>
2025-06-07 21:25:19 <@yuyi2003@ [com.sparkle.db.SongInfoDB:123 add] - java.sql.SQLException: Failed to start database 'c:/sparkleplayer/db/', see the next exception for details.>
2025-06-07 21:25:19 <@yuyi2003@ [com.sparkle.db.SongInfoDB:123 add] - java.sql.SQLException: Failed to start database 'c:/sparkleplayer/db/', see the next exception for details.>
2025-06-07 21:25:19 <@yuyi2003@ [com.sparkle.db.CategoryDB:91 add] - java.sql.SQLException: Failed to start database 'c:/sparkleplayer/db/', see the next exception for details.>
2025-06-07 21:25:19 <@yuyi2003@ [com.sparkle.util.DataUtil:27 init] - 初始数据加载完成.....>
2025-06-07 21:25:19 <@yuyi2003@ [com.sparkle.service.MediaPlayerService:69 init] - 播放器服务启动>
2025-06-07 21:25:20 <@yuyi2003@ [com.sparkle.enterProgram.EnterProgram:61 init] - 启动界面完成>
2025-06-07 21:25:49 <@yuyi2003@ [com.sparkle.ui.MainFrame:202 exitPlayer] - 准备退出播放器>
2025-06-07 21:25:49 <@yuyi2003@ [com.sparkle.util.DataUtil:72 saveData] - 保存数据>
2025-06-07 21:25:49 <@yuyi2003@ [com.sparkle.db.BaseDataDB:296 isExist] - java.sql.SQLException: Failed to start database 'c:/sparkleplayer/db/', see the next exception for details.>
2025-06-07 21:25:49 <@yuyi2003@ [com.sparkle.db.BaseDataDB:229 addTab] - java.sql.SQLException: Failed to start database 'c:/sparkleplayer/db/', see the next exception for details.>
2025-06-07 21:25:49 <@yuyi2003@ [com.sparkle.ui.MainFrame:204 exitPlayer] - 退出成功>
2025-06-07 21:31:46 <@yuyi2003@ [com.sparkle.util.DataUtil:24 init] - 开始加载初始数据.....>
2025-06-07 21:31:46 <@yuyi2003@ [com.sparkle.db.BaseDataDB:92 <init>] - java.sql.SQLException: Failed to start database 'c:/sparkleplayer/db/', see the next exception for details.>
2025-06-07 21:31:46 <@yuyi2003@ [com.sparkle.db.BaseDataDB:193 init] - java.sql.SQLException: Failed to start database 'c:/sparkleplayer/db/', see the next exception for details.>
2025-06-07 21:31:46 <@yuyi2003@ [com.sparkle.db.CategoryDB:58 <init>] - java.sql.SQLException: Failed to start database 'c:/sparkleplayer/db/', see the next exception for details.>
2025-06-07 21:31:46 <@yuyi2003@ [com.sparkle.db.CategoryDB:143 getAllCategory] - java.sql.SQLException: Failed to start database 'c:/sparkleplayer/db/', see the next exception for details.>
2025-06-07 21:31:46 <@yuyi2003@ [com.sparkle.db.SongInfoDB:56 <init>] - java.sql.SQLException: Failed to start database 'c:/sparkleplayer/db/', see the next exception for details.>
2025-06-07 21:31:46 <@yuyi2003@ [com.sparkle.db.SongInfoDB:123 add] - java.sql.SQLException: Failed to start database 'c:/sparkleplayer/db/', see the next exception for details.>
2025-06-07 21:31:46 <@yuyi2003@ [com.sparkle.db.SongInfoDB:123 add] - java.sql.SQLException: Failed to start database 'c:/sparkleplayer/db/', see the next exception for details.>
2025-06-07 21:31:46 <@yuyi2003@ [com.sparkle.db.SongInfoDB:123 add] - java.sql.SQLException: Failed to start database 'c:/sparkleplayer/db/', see the next exception for details.>
2025-06-07 21:31:46 <@yuyi2003@ [com.sparkle.db.SongInfoDB:123 add] - java.sql.SQLException: Failed to start database 'c:/sparkleplayer/db/', see the next exception for details.>
2025-06-07 21:31:46 <@yuyi2003@ [com.sparkle.db.SongInfoDB:123 add] - java.sql.SQLException: Failed to start database 'c:/sparkleplayer/db/', see the next exception for details.>
2025-06-07 21:31:46 <@yuyi2003@ [com.sparkle.db.SongInfoDB:123 add] - java.sql.SQLException: Failed to start database 'c:/sparkleplayer/db/', see the next exception for details.>
2025-06-07 21:31:46 <@yuyi2003@ [com.sparkle.db.CategoryDB:91 add] - java.sql.SQLException: Failed to start database 'c:/sparkleplayer/db/', see the next exception for details.>
2025-06-07 21:31:46 <@yuyi2003@ [com.sparkle.util.DataUtil:27 init] - 初始数据加载完成.....>
2025-06-07 21:31:46 <@yuyi2003@ [com.sparkle.service.MediaPlayerService:69 init] - 播放器服务启动>
2025-06-07 21:31:47 <@yuyi2003@ [com.sparkle.enterProgram.EnterProgram:61 init] - 启动界面完成>
2025-06-07 21:31:58 <@yuyi2003@ [com.sparkle.ui.MainFrame:202 exitPlayer] - 准备退出播放器>
2025-06-07 21:31:58 <@yuyi2003@ [com.sparkle.util.DataUtil:72 saveData] - 保存数据>
2025-06-07 21:31:58 <@yuyi2003@ [com.sparkle.db.BaseDataDB:296 isExist] - java.sql.SQLException: Failed to start database 'c:/sparkleplayer/db/', see the next exception for details.>
2025-06-07 21:31:58 <@yuyi2003@ [com.sparkle.db.BaseDataDB:229 addTab] - java.sql.SQLException: Failed to start database 'c:/sparkleplayer/db/', see the next exception for details.>
2025-06-07 21:31:58 <@yuyi2003@ [com.sparkle.ui.MainFrame:204 exitPlayer] - 退出成功>
